Arguments: 
  C:\Program Files\nodejs\node.exe C:\Users\Apetsi\AppData\Roaming\npm\node_modules\yarn\bin\yarn.js add babel-core -D

PATH: 
  C:\Users\Apetsi\AppData\Roaming\npm\node_modules\npm\node_modules\npm-lifecycle\node-gyp-bin;C:\Users\Apetsi\Desktop\Geckos-Team-04\Geckos-Team-04\client\node_modules\.bin;C:\Users\Apetsi\AppData\Roaming\npm\node_modules\npm\node_modules\npm-lifecycle\node-gyp-bin;C:\Users\Apetsi\Desktop\Geckos-Team-04\Geckos-Team-04\node_modules\.bin;C:\Users\Apetsi\AppData\Roaming\npm\node_modules\npm\node_modules\npm-lifecycle\node-gyp-bin;C:\Users\Apetsi\Desktop\Geckos-Team-04\Geckos-Team-04\node_modules\.bin;C:\Program Files\Git\mingw64\bin;C:\Program Files\Git\usr\bin;C:\Users\Apetsi\bin;C:\WINDOWS\system32;C:\WINDOWS;C:\WINDOWS\System32\Wbem;C:\WINDOWS\System32\WindowsPowerShell\v1.0;C:\Program Files\Microsoft VS Code\bin;C:\Program Files\nodejs;C:\Program Files\Git\cmd;C:\WINDOWS\System32\OpenSSH;C:\Program Files\Microsoft SQL Server\120\Tools\Binn;C:\Program Files\Common Files\Autodesk Shared;C:\Python\Scripts;C:\Python;C:\Users\Apetsi\AppData\Local\Microsoft\WindowsApps;C:\Users\Apetsi\AppData\Roaming\npm;C:\Users\Apetsi\AppData\Local\atom\bin;C:\Program Files\heroku\bin

Yarn version: 
  1.12.1

Node version: 
  8.11.3

Platform: 
  win32 x64

Trace: 
  SyntaxError: C:\Users\Apetsi\Desktop\Geckos-Team-04\Geckos-Team-04\client\package.json: Unexpected string in JSON at position 249
      at JSON.parse (<anonymous>)
      at C:\Users\Apetsi\AppData\Roaming\npm\node_modules\yarn\lib\cli.js:1166:59
      at Generator.next (<anonymous>)
      at step (C:\Users\Apetsi\AppData\Roaming\npm\node_modules\yarn\lib\cli.js:92:30)
      at C:\Users\Apetsi\AppData\Roaming\npm\node_modules\yarn\lib\cli.js:103:13
      at <anonymous>

npm manifest: 
  {
    "name": "client",
    "version": "1.0.0",
    "description": "Front-end for Uber Eats clone application",
    "main": "index.js",
    "scripts": {
      "start": "parcel public/index.html",
      "build": "parcel build public/index.html --out-dir prod"
      "test": "echo \"Error: no test specified\" && exit 1"
    },
    "author": "Geckos Team 04",
    "license": "ISC",
    "dependencies": {
      "parcel-bundler": "^1.10.3",
      "react": "^16.6.3",
      "react-dom": "^16.6.3",
      "react-redux": "^5.1.1",
      "react-router-dom": "^4.3.1",
      "redux": "^4.0.1",
      "redux-devtools-extension": "^2.13.5",
      "redux-thunk": "^2.3.0",
      "sass": "^1.15.1"
    },
    "devDependencies": {
      "babel-core": "^6.26.3",
      "babel-preset-env": "^1.7.0",
      "babel-preset-react": "^6.24.1",
      "jest": "^23.6.0"
    }
  }

yarn manifest: 
  No manifest

Lockfile: 
  No lockfile
